<?xml version="1.0" encoding="UTF-8"?>
<!-- Generated by org.testng.reporters.JUnitReportReporter -->
<testsuite hostname="DESKTOP-L2Q1E1B" failures="0" tests="4" name="demo.Class1" time="0.016" errors="0" timestamp="2020-03-30T11:20:11 IST" skipped="0">
  <testcase classname="demo.Class1" name="Test2" time="0.010"/>
  <system-out/>
  <testcase classname="demo.Class1" name="Test3" time="0.002"/>
  <system-out/>
  <testcase classname="demo.Class1" name="Test4" time="0.001"/>
  <system-out/>
  <testcase classname="demo.Class1" name="Test5" time="0.003"/>
  <system-out/>
</testsuite> <!-- demo.Class1 -->
