<?xml version="1.0" encoding="UTF-8"?>
<!-- Generated by org.testng.reporters.JUnitReportReporter -->
<testsuite hostname="DESKTOP-L2Q1E1B" failures="0" tests="5" name="demo.NewTest" time="0.041" errors="0" timestamp="2020-01-27T23:04:59 IST" skipped="0">
  <testcase classname="demo.NewTest" name="show" time="0.000"/>
  <testcase classname="demo.NewTest" name="method" time="0.000"/>
  <testcase classname="demo.NewTest" name="method" time="0.010"/>
  <testcase classname="demo.NewTest" name="method" time="0.015"/>
  <testcase classname="demo.NewTest" name="show" time="0.016"/>
</testsuite> <!-- demo.NewTest -->
