<?xml version="1.0" encoding="UTF-8"?>
<!-- Generated by org.testng.reporters.JUnitReportReporter -->
<testsuite hostname="DESKTOP-L2Q1E1B" failures="0" tests="1" name="demo.TestingNextGeneration" time="0.015" errors="0" timestamp="2020-01-27T15:25:25 IST" skipped="0">
  <testcase classname="demo.TestingNextGeneration" name="TestCase4" time="0.015"/>
</testsuite> <!-- demo.TestingNextGeneration -->
