<?xml version="1.0" encoding="UTF-8"?>
<!-- Generated by org.testng.reporters.JUnitReportReporter -->
<testsuite hostname="DESKTOP-L2Q1E1B" failures="0" tests="1" name="demo.BrokenMethodGroup" time="0.016" errors="0" timestamp="2020-02-04T01:55:48 IST" skipped="0">
  <testcase classname="demo.BrokenMethodGroup" name="show2" time="0.016"/>
</testsuite> <!-- demo.BrokenMethodGroup -->
