<?xml version="1.0" encoding="UTF-8"?>
<!-- Generated by org.testng.reporters.JUnitReportReporter -->
<testsuite hostname="DESKTOP-L2Q1E1B" failures="0" tests="5" name="TestingNextGeneration" time="0.025" errors="0" timestamp="2020-01-27T14:18:54 IST" skipped="0">
  <testcase classname="TestingNextGeneration" name="TestCase1" time="0.010"/>
  <testcase classname="TestingNextGeneration" name="TestCase4" time="0.000"/>
  <testcase classname="TestingNextGeneration" name="display" time="0.003"/>
  <testcase classname="TestingNextGeneration" name="TestCase3" time="0.007"/>
  <testcase classname="TestingNextGeneration" name="TestCase6" time="0.005"/>
</testsuite> <!-- TestingNextGeneration -->
