<?xml version="1.0" encoding="UTF-8"?>
<!-- Generated by org.testng.reporters.JUnitReportReporter -->
<testsuite hostname="DESKTOP-L2Q1E1B" failures="0" tests="1" name="demo.TestClass2" time="0.002" errors="0" timestamp="2020-01-27T14:45:20 IST" skipped="0">
  <testcase classname="demo.TestClass2" name="display" time="0.002"/>
</testsuite> <!-- demo.TestClass2 -->
