<?xml version="1.0" encoding="UTF-8"?>
<!-- Generated by org.testng.reporters.JUnitReportReporter -->
<testsuite hostname="DESKTOP-L2Q1E1B" failures="0" tests="1" name="demo2.Demopkg2" time="0.000" errors="0" timestamp="2020-01-28T02:58:41 IST" skipped="0">
  <testcase classname="demo2.Demopkg2" name="show" time="0.000"/>
</testsuite> <!-- demo2.Demopkg2 -->
