<?xml version="1.0" encoding="UTF-8"?>
<!-- Generated by org.testng.reporters.JUnitReportReporter -->
<testsuite hostname="DESKTOP-L2Q1E1B" failures="0" tests="3" name="demo.GroupofGroups" time="0.012" errors="0" timestamp="2020-03-22T03:09:48 IST" skipped="0">
  <testcase classname="demo.GroupofGroups" name="m4" time="0.002"/>
  <system-out/>
  <testcase classname="demo.GroupofGroups" name="m5" time="0.002"/>
  <system-out/>
  <testcase classname="demo.GroupofGroups" name="m3" time="0.008"/>
  <system-out/>
</testsuite> <!-- demo.GroupofGroups -->
