<?xml version="1.0" encoding="UTF-8"?>
<!-- Generated by org.testng.reporters.JUnitReportReporter -->
<testsuite hostname="DESKTOP-L2Q1E1B" failures="0" tests="1" name="demo.Class1" time="0.009" errors="0" timestamp="2020-03-22T03:08:34 IST" skipped="0">
  <testcase classname="demo.Class1" name="Test2" time="0.009"/>
  <system-out/>
</testsuite> <!-- demo.Class1 -->
