<?xml version="1.0" encoding="UTF-8"?>
<!-- Generated by org.testng.reporters.JUnitReportReporter -->
<testsuite hostname="DESKTOP-L2Q1E1B" failures="0" tests="1" name="demo.BrokenMethodGroup" time="0.010" errors="0" timestamp="2020-03-30T11:20:00 IST" skipped="0">
  <testcase classname="demo.BrokenMethodGroup" name="show2" time="0.010"/>
  <system-out/>
</testsuite> <!-- demo.BrokenMethodGroup -->
